<?xml version="1.0" encoding="UTF-8"?>
<testng-results skipped="0" failed="0" total="1" passed="1">
  <reporter-output>
  </reporter-output>
  <suite name="Default suite" duration-ms="1679" started-at="2017-04-16T07:03:00Z" finished-at="2017-04-16T07:03:01Z">
    <groups>
    </groups>
    <test name="Default test" duration-ms="1679" started-at="2017-04-16T07:03:00Z" finished-at="2017-04-16T07:03:01Z">
      <class name="com.restassured.testing.MoreComplexPosts">
        <test-method status="PASS" signature="testMoreComplexPost()[pri:0, instance:com.restassured.testing.MoreComplexPosts@1bd9247]" name="testMoreComplexPost" duration-ms="1664" started-at="2017-04-16T12:33:00Z" finished-at="2017-04-16T12:33:01Z">
          <reporter-output>
          </reporter-output>
        </test-method> <!-- testMoreComplexPost -->
      </class> <!-- com.restassured.testing.MoreComplexPosts -->
    </test> <!-- Default test -->
  </suite> <!-- Default suite -->
</testng-results>
